2018-07-31 11:42:42,953 ERROR [main] - Statistics - Statistics file `/home/alex/.scalaide/statistics` is corrupted. A new one is being created. Corrupted content was:

com.cedarsoftware.util.io.JsonIoException: error parsing JSON value
	at com.cedarsoftware.util.io.JsonReader.readObject(JsonReader.java:529)
	at com.cedarsoftware.util.io.JsonReader.jsonToJava(JsonReader.java:289)
	at com.cedarsoftware.util.io.JsonReader.jsonToJava(JsonReader.java:262)
	at org.scalaide.core.internal.statistics.Statistics.read(Statistics.scala:74)
	at org.scalaide.core.internal.statistics.Statistics.$anonfun$readStats$1(Statistics.scala:52)
	at org.scalaide.core.internal.statistics.Statistics.$anonfun$readStats$1$adapted(Statistics.scala:51)
	at org.scalaide.core.ScalaIdeDataStore$.$anonfun$validate$2(ScalaIdeDataStore.scala:59)
	at org.scalaide.util.eclipse.EclipseUtils$$anon$3.run(EclipseUtils.scala:230)
	at org.eclipse.core.runtime.SafeRunner.run(SafeRunner.java:42)
	at org.scalaide.util.eclipse.EclipseUtils$.withSafeRunner(EclipseUtils.scala:226)
	at org.scalaide.core.ScalaIdeDataStore$.validate(ScalaIdeDataStore.scala:59)
	at org.scalaide.core.internal.statistics.Statistics.readStats(Statistics.scala:51)
	at org.scalaide.core.internal.statistics.Statistics.<init>(Statistics.scala:30)
	at org.scalaide.core.internal.ScalaPlugin.stats$lzycompute(ScalaPlugin.scala:135)
	at org.scalaide.core.internal.ScalaPlugin.stats(ScalaPlugin.scala:135)
	at org.scalaide.core.internal.ScalaPlugin.statistics(ScalaPlugin.scala:138)
	at org.scalaide.core.internal.ScalaPlugin.start(ScalaPlugin.scala:109)
	at org.eclipse.osgi.internal.framework.BundleContextImpl$3.run(BundleContextImpl.java:779)
	at org.eclipse.osgi.internal.framework.BundleContextImpl$3.run(BundleContextImpl.java:1)
	at java.security.AccessController.doPrivileged(Native Method)
	at org.eclipse.osgi.internal.framework.BundleContextImpl.startActivator(BundleContextImpl.java:772)
	at org.eclipse.osgi.internal.framework.BundleContextImpl.start(BundleContextImpl.java:729)
	at org.eclipse.osgi.internal.framework.EquinoxBundle.startWorker0(EquinoxBundle.java:1002)
	at org.eclipse.osgi.internal.framework.EquinoxBundle$EquinoxModule.startWorker(EquinoxBundle.java:354)
	at org.eclipse.osgi.container.Module.doStart(Module.java:581)
	at org.eclipse.osgi.container.Module.start(Module.java:449)
	at org.eclipse.osgi.framework.util.SecureAction.start(SecureAction.java:468)
	at org.eclipse.osgi.internal.hooks.EclipseLazyStarter.postFindLocalClass(EclipseLazyStarter.java:114)
	at org.eclipse.osgi.internal.loader.classpath.ClasspathManager.findLocalClass(ClasspathManager.java:505)
	at org.eclipse.osgi.internal.loader.ModuleClassLoader.findLocalClass(ModuleClassLoader.java:328)
	at org.eclipse.osgi.internal.loader.BundleLoader.findLocalClass(BundleLoader.java:392)
	at org.eclipse.osgi.internal.loader.BundleLoader.findClassInternal(BundleLoader.java:470)
	at org.eclipse.osgi.internal.loader.BundleLoader.findClass(BundleLoader.java:419)
	at org.eclipse.osgi.internal.loader.BundleLoader.findClass(BundleLoader.java:411)
	at org.eclipse.osgi.internal.loader.ModuleClassLoader.loadClass(ModuleClassLoader.java:150)
	at java.lang.ClassLoader.loadClass(ClassLoader.java:357)
	at org.eclipse.osgi.internal.framework.EquinoxBundle.loadClass(EquinoxBundle.java:609)
	at org.eclipse.core.internal.registry.osgi.RegistryStrategyOSGI.createExecutableExtension(RegistryStrategyOSGI.java:177)
	at org.eclipse.core.internal.registry.ExtensionRegistry.createExecutableExtension(ExtensionRegistry.java:931)
	at org.eclipse.core.internal.registry.ConfigurationElement.createExecutableExtension(ConfigurationElement.java:243)
	at org.eclipse.core.internal.registry.ConfigurationElementHandle.createExecutableExtension(ConfigurationElementHandle.java:60)
	at scala.tools.eclipse.contribution.weaving.jdt.imagedescriptor.ImageDescriptorSelectorRegistry.registerSelectors(ImageDescriptorSelectorRegistry.java:74)
	at scala.tools.eclipse.contribution.weaving.jdt.imagedescriptor.ImageDescriptorSelectorRegistry.iterator(ImageDescriptorSelectorRegistry.java:88)
	at scala.tools.eclipse.contribution.weaving.jdt.imagedescriptor.ImageDescriptorSelectorAspect.getImageDescriptor(ImageDescriptorSelectorAspect.aj:101)
	at scala.tools.eclipse.contribution.weaving.jdt.imagedescriptor.ImageDescriptorSelectorAspect.ajc$privMethod$scala_tools_eclipse_contribution_weaving_jdt_imagedescriptor_ImageDescriptorSelectorAspect$scala_tools_eclipse_contribution_weaving_jdt_imagedescriptor_ImageDescriptorSelectorAspect$getImageDescriptor(ImageDescriptorSelectorAspect.aj:1)
	at scala.tools.eclipse.contribution.weaving.jdt.imagedescriptor.ImageDescriptorSelectorAspect.ajc$around$scala_tools_eclipse_contribution_weaving_jdt_imagedescriptor_ImageDescriptorSelectorAspect$2$80f5da8d(ImageDescriptorSelectorAspect.aj:91)
	at org.eclipse.jdt.internal.ui.viewsupport.JavaElementImageProvider.computeDescriptor(JavaElementImageProvider.java:122)
	at org.eclipse.jdt.internal.ui.viewsupport.JavaElementImageProvider.getImageLabel(JavaElementImageProvider.java:104)
	at org.eclipse.jdt.internal.ui.viewsupport.JavaUILabelProvider.getImage(JavaUILabelProvider.java:142)
	at org.eclipse.jdt.internal.ui.packageview.PackageExplorerLabelProvider.getImage(PackageExplorerLabelProvider.java:137)
	at org.eclipse.jdt.internal.ui.navigator.JavaNavigatorLabelProvider.getImage(JavaNavigatorLabelProvider.java:134)
	at org.eclipse.ui.internal.navigator.NavigatorContentServiceLabelProvider.findImage(NavigatorContentServiceLabelProvider.java:199)
	at org.eclipse.ui.internal.navigator.NavigatorContentServiceLabelProvider.getColumnImage(NavigatorContentServiceLabelProvider.java:107)
	at org.eclipse.ui.internal.navigator.NavigatorContentServiceLabelProvider.getImage(NavigatorContentServiceLabelProvider.java:99)
	at org.eclipse.ui.internal.navigator.NavigatorDecoratingLabelProvider$StyledLabelProviderAdapter.getImage(NavigatorDecoratingLabelProvider.java:57)
	at org.eclipse.jface.viewers.DelegatingStyledCellLabelProvider.getImage(DelegatingStyledCellLabelProvider.java:195)
	at org.eclipse.jface.viewers.DecoratingStyledCellLabelProvider.getImage(DecoratingStyledCellLabelProvider.java:168)
	at org.eclipse.jface.viewers.DelegatingStyledCellLabelProvider.update(DelegatingStyledCellLabelProvider.java:121)
	at org.eclipse.jface.viewers.DecoratingStyledCellLabelProvider.update(DecoratingStyledCellLabelProvider.java:131)
	at org.eclipse.jface.viewers.ViewerColumn.refresh(ViewerColumn.java:141)
	at org.eclipse.jface.viewers.AbstractTreeViewer.doUpdateItem(AbstractTreeViewer.java:943)
	at org.eclipse.jface.viewers.AbstractTreeViewer$UpdateItemSafeRunnable.run(AbstractTreeViewer.java:117)
	at org.eclipse.core.runtime.SafeRunner.run(SafeRunner.java:42)
	at org.eclipse.ui.internal.JFaceUtil.lambda$0(JFaceUtil.java:44)
	at org.eclipse.jface.util.SafeRunnable.run(SafeRunnable.java:173)
	at org.eclipse.jface.viewers.AbstractTreeViewer.doUpdateItem(AbstractTreeViewer.java:1022)
	at org.eclipse.jface.viewers.StructuredViewer$UpdateItemSafeRunnable.run(StructuredViewer.java:475)
	at org.eclipse.core.runtime.SafeRunner.run(SafeRunner.java:42)
	at org.eclipse.ui.internal.JFaceUtil.lambda$0(JFaceUtil.java:44)
	at org.eclipse.jface.util.SafeRunnable.run(SafeRunnable.java:173)
	at org.eclipse.jface.viewers.StructuredViewer.updateItem(StructuredViewer.java:2158)
	at org.eclipse.jface.viewers.AbstractTreeViewer.createTreeItem(AbstractTreeViewer.java:837)
	at org.eclipse.jface.viewers.AbstractTreeViewer.createChildren(AbstractTreeViewer.java:815)
	at org.eclipse.jface.viewers.TreeViewer.createChildren(TreeViewer.java:601)
	at org.eclipse.jface.viewers.AbstractTreeViewer.createChildren(AbstractTreeViewer.java:763)
	at org.eclipse.jface.viewers.AbstractTreeViewer.internalInitializeTree(AbstractTreeViewer.java:1580)
	at org.eclipse.jface.viewers.TreeViewer.internalInitializeTree(TreeViewer.java:777)
	at org.eclipse.jface.viewers.AbstractTreeViewer.lambda$1(AbstractTreeViewer.java:1565)
	at org.eclipse.jface.viewers.StructuredViewer.preservingSelection(StructuredViewer.java:1446)
	at org.eclipse.jface.viewers.TreeViewer.preservingSelection(TreeViewer.java:360)
	at org.eclipse.jface.viewers.StructuredViewer.preservingSelection(StructuredViewer.java:1407)
	at org.eclipse.jface.viewers.AbstractTreeViewer.inputChanged(AbstractTreeViewer.java:1559)
	at org.eclipse.jface.viewers.ContentViewer.setInput(ContentViewer.java:286)
	at org.eclipse.jface.viewers.StructuredViewer.setInput(StructuredViewer.java:1684)
	at org.eclipse.ui.navigator.CommonNavigator.createPartControl(CommonNavigator.java:206)
	at org.eclipse.ui.navigator.resources.ProjectExplorer.createPartControl(ProjectExplorer.java:88)
	at org.eclipse.ui.internal.e4.compatibility.CompatibilityPart.createPartControl(CompatibilityPart.java:153)
	at org.eclipse.ui.internal.e4.compatibility.CompatibilityView.createPartControl(CompatibilityView.java:147)
	at org.eclipse.ui.internal.e4.compatibility.CompatibilityPart.create(CompatibilityPart.java:364)
	at sun.reflect.NativeMethodAccessorImpl.invoke0(Native Method)
	at sun.reflect.NativeMethodAccessorImpl.invoke(NativeMethodAccessorImpl.java:62)
	at sun.reflect.DelegatingMethodAccessorImpl.invoke(DelegatingMethodAccessorImpl.java:43)
	at java.lang.reflect.Method.invoke(Method.java:498)
	at org.eclipse.e4.core.internal.di.MethodRequestor.execute(MethodRequestor.java:55)
	at org.eclipse.e4.core.internal.di.InjectorImpl.processAnnotated(InjectorImpl.java:1005)
	at org.eclipse.e4.core.internal.di.InjectorImpl.processAnnotated(InjectorImpl.java:970)
	at org.eclipse.e4.core.internal.di.InjectorImpl.internalInject(InjectorImpl.java:137)
	at org.eclipse.e4.core.internal.di.InjectorImpl.internalMake(InjectorImpl.java:412)
	at org.eclipse.e4.core.internal.di.InjectorImpl.make(InjectorImpl.java:331)
	at org.eclipse.e4.core.contexts.ContextInjectionFactory.make(ContextInjectionFactory.java:190)
	at org.eclipse.e4.ui.internal.workbench.ReflectionContributionFactory.createFromBundle(ReflectionContributionFactory.java:105)
	at org.eclipse.e4.ui.internal.workbench.ReflectionContributionFactory.doCreate(ReflectionContributionFactory.java:74)
	at org.eclipse.e4.ui.internal.workbench.ReflectionContributionFactory.create(ReflectionContributionFactory.java:56)
	at org.eclipse.e4.ui.workbench.renderers.swt.ContributedPartRenderer.createWidget(ContributedPartRenderer.java:129)
	at org.eclipse.e4.ui.internal.workbench.swt.PartRenderingEngine.createWidget(PartRenderingEngine.java:1012)
	at org.eclipse.e4.ui.internal.workbench.swt.PartRenderingEngine.safeCreateGui(PartRenderingEngine.java:672)
	at org.eclipse.e4.ui.internal.workbench.swt.PartRenderingEngine$1.run(PartRenderingEngine.java:557)
	at org.eclipse.core.runtime.SafeRunner.run(SafeRunner.java:42)
	at org.eclipse.e4.ui.internal.workbench.swt.PartRenderingEngine.createGui(PartRenderingEngine.java:541)
	at org.eclipse.e4.ui.workbench.renderers.swt.ElementReferenceRenderer.createWidget(ElementReferenceRenderer.java:70)
	at org.eclipse.e4.ui.internal.workbench.swt.PartRenderingEngine.createWidget(PartRenderingEngine.java:1012)
	at org.eclipse.e4.ui.internal.workbench.swt.PartRenderingEngine.safeCreateGui(PartRenderingEngine.java:672)
	at org.eclipse.e4.ui.internal.workbench.swt.PartRenderingEngine.safeCreateGui(PartRenderingEngine.java:778)
	at org.eclipse.e4.ui.internal.workbench.swt.PartRenderingEngine.access$0(PartRenderingEngine.java:749)
	at org.eclipse.e4.ui.internal.workbench.swt.PartRenderingEngine$2.run(PartRenderingEngine.java:743)
	at org.eclipse.core.runtime.SafeRunner.run(SafeRunner.java:42)
	at org.eclipse.e4.ui.internal.workbench.swt.PartRenderingEngine.createGui(PartRenderingEngine.java:727)
	at org.eclipse.e4.ui.workbench.renderers.swt.StackRenderer.showTab(StackRenderer.java:1277)
	at org.eclipse.e4.ui.workbench.renderers.swt.LazyStackRenderer.postProcess(LazyStackRenderer.java:102)
	at org.eclipse.e4.ui.internal.workbench.swt.PartRenderingEngine.safeCreateGui(PartRenderingEngine.java:690)
	at org.eclipse.e4.ui.internal.workbench.swt.PartRenderingEngine.safeCreateGui(PartRenderingEngine.java:778)
	at org.eclipse.e4.ui.internal.workbench.swt.PartRenderingEngine.access$0(PartRenderingEngine.java:749)
	at org.eclipse.e4.ui.internal.workbench.swt.PartRenderingEngine$2.run(PartRenderingEngine.java:743)
	at org.eclipse.core.runtime.SafeRunner.run(SafeRunner.java:42)
	at org.eclipse.e4.ui.internal.workbench.swt.PartRenderingEngine.createGui(PartRenderingEngine.java:727)
	at org.eclipse.e4.ui.workbench.renderers.swt.SWTPartRenderer.processContents(SWTPartRenderer.java:70)
	at org.eclipse.e4.ui.workbench.renderers.swt.SashRenderer.processContents(SashRenderer.java:137)
	at org.eclipse.e4.ui.internal.workbench.swt.PartRenderingEngine.safeCreateGui(PartRenderingEngine.java:686)
	at org.eclipse.e4.ui.internal.workbench.swt.PartRenderingEngine.safeCreateGui(PartRenderingEngine.java:778)
	at org.eclipse.e4.ui.internal.workbench.swt.PartRenderingEngine.access$0(PartRenderingEngine.java:749)
	at org.eclipse.e4.ui.internal.workbench.swt.PartRenderingEngine$2.run(PartRenderingEngine.java:743)
	at org.eclipse.core.runtime.SafeRunner.run(SafeRunner.java:42)
	at org.eclipse.e4.ui.internal.workbench.swt.PartRenderingEngine.createGui(PartRenderingEngine.java:727)
	at org.eclipse.e4.ui.workbench.renderers.swt.SWTPartRenderer.processContents(SWTPartRenderer.java:70)
	at org.eclipse.e4.ui.workbench.renderers.swt.PerspectiveRenderer.processContents(PerspectiveRenderer.java:48)
	at org.eclipse.e4.ui.internal.workbench.swt.PartRenderingEngine.safeCreateGui(PartRenderingEngine.java:686)
	at org.eclipse.e4.ui.internal.workbench.swt.PartRenderingEngine.safeCreateGui(PartRenderingEngine.java:778)
	at org.eclipse.e4.ui.internal.workbench.swt.PartRenderingEngine.access$0(PartRenderingEngine.java:749)
	at org.eclipse.e4.ui.internal.workbench.swt.PartRenderingEngine$2.run(PartRenderingEngine.java:743)
	at org.eclipse.core.runtime.SafeRunner.run(SafeRunner.java:42)
	at org.eclipse.e4.ui.internal.workbench.swt.PartRenderingEngine.createGui(PartRenderingEngine.java:727)
	at org.eclipse.e4.ui.workbench.renderers.swt.PerspectiveStackRenderer.showTab(PerspectiveStackRenderer.java:79)
	at org.eclipse.e4.ui.workbench.renderers.swt.LazyStackRenderer.postProcess(LazyStackRenderer.java:102)
	at org.eclipse.e4.ui.workbench.renderers.swt.PerspectiveStackRenderer.postProcess(PerspectiveStackRenderer.java:61)
	at org.eclipse.e4.ui.internal.workbench.swt.PartRenderingEngine.safeCreateGui(PartRenderingEngine.java:690)
	at org.eclipse.e4.ui.internal.workbench.swt.PartRenderingEngine.safeCreateGui(PartRenderingEngine.java:778)
	at org.eclipse.e4.ui.internal.workbench.swt.PartRenderingEngine.access$0(PartRenderingEngine.java:749)
	at org.eclipse.e4.ui.internal.workbench.swt.PartRenderingEngine$2.run(PartRenderingEngine.java:743)
	at org.eclipse.core.runtime.SafeRunner.run(SafeRunner.java:42)
	at org.eclipse.e4.ui.internal.workbench.swt.PartRenderingEngine.createGui(PartRenderingEngine.java:727)
	at org.eclipse.e4.ui.workbench.renderers.swt.SWTPartRenderer.processContents(SWTPartRenderer.java:70)
	at org.eclipse.e4.ui.workbench.renderers.swt.SashRenderer.processContents(SashRenderer.java:137)
	at org.eclipse.e4.ui.internal.workbench.swt.PartRenderingEngine.safeCreateGui(PartRenderingEngine.java:686)
	at org.eclipse.e4.ui.internal.workbench.swt.PartRenderingEngine.safeCreateGui(PartRenderingEngine.java:778)
	at org.eclipse.e4.ui.internal.workbench.swt.PartRenderingEngine.access$0(PartRenderingEngine.java:749)
	at org.eclipse.e4.ui.internal.workbench.swt.PartRenderingEngine$2.run(PartRenderingEngine.java:743)
	at org.eclipse.core.runtime.SafeRunner.run(SafeRunner.java:42)
	at org.eclipse.e4.ui.internal.workbench.swt.PartRenderingEngine.createGui(PartRenderingEngine.java:727)
	at org.eclipse.e4.ui.workbench.renderers.swt.SWTPartRenderer.processContents(SWTPartRenderer.java:70)
	at org.eclipse.e4.ui.workbench.renderers.swt.WBWRenderer.processContents(WBWRenderer.java:700)
	at org.eclipse.e4.ui.internal.workbench.swt.PartRenderingEngine.safeCreateGui(PartRenderingEngine.java:686)
	at org.eclipse.e4.ui.internal.workbench.swt.PartRenderingEngine.safeCreateGui(PartRenderingEngine.java:778)
	at org.eclipse.e4.ui.internal.workbench.swt.PartRenderingEngine.access$0(PartRenderingEngine.java:749)
	at org.eclipse.e4.ui.internal.workbench.swt.PartRenderingEngine$2.run(PartRenderingEngine.java:743)
	at org.eclipse.core.runtime.SafeRunner.run(SafeRunner.java:42)
	at org.eclipse.e4.ui.internal.workbench.swt.PartRenderingEngine.createGui(PartRenderingEngine.java:727)
	at org.eclipse.e4.ui.internal.workbench.swt.PartRenderingEngine$5.run(PartRenderingEngine.java:1096)
	at org.eclipse.core.databinding.observable.Realm.runWithDefault(Realm.java:336)
	at org.eclipse.e4.ui.internal.workbench.swt.PartRenderingEngine.run(PartRenderingEngine.java:1059)
	at org.eclipse.e4.ui.internal.workbench.E4Workbench.createAndRunUI(E4Workbench.java:153)
	at org.eclipse.ui.internal.Workbench.lambda$3(Workbench.java:667)
	at org.eclipse.core.databinding.observable.Realm.runWithDefault(Realm.java:336)
	at org.eclipse.ui.internal.Workbench.createAndRunWorkbench(Workbench.java:597)
	at org.eclipse.ui.PlatformUI.createAndRunWorkbench(PlatformUI.java:148)
	at org.eclipse.ui.internal.ide.application.IDEApplication.start(IDEApplication.java:152)
	at org.eclipse.equinox.internal.app.EclipseAppHandle.run(EclipseAppHandle.java:196)
	at org.eclipse.core.runtime.internal.adaptor.EclipseAppLauncher.runApplication(EclipseAppLauncher.java:134)
	at org.eclipse.core.runtime.internal.adaptor.EclipseAppLauncher.start(EclipseAppLauncher.java:104)
	at org.eclipse.core.runtime.adaptor.EclipseStarter.run(EclipseStarter.java:388)
	at org.eclipse.core.runtime.adaptor.EclipseStarter.run(EclipseStarter.java:243)
	at sun.reflect.NativeMethodAccessorImpl.invoke0(Native Method)
	at sun.reflect.NativeMethodAccessorImpl.invoke(NativeMethodAccessorImpl.java:62)
	at sun.reflect.DelegatingMethodAccessorImpl.invoke(DelegatingMethodAccessorImpl.java:43)
	at java.lang.reflect.Method.invoke(Method.java:498)
	at org.eclipse.equinox.launcher.Main.invokeFramework(Main.java:656)
	at org.eclipse.equinox.launcher.Main.basicRun(Main.java:592)
	at org.eclipse.equinox.launcher.Main.run(Main.java:1498)
	at org.eclipse.equinox.launcher.Main.main(Main.java:1471)
Caused by: com.cedarsoftware.util.io.JsonIoException: EOF reached prematurely
	at com.cedarsoftware.util.io.JsonParser.error(JsonParser.java:584)
	at com.cedarsoftware.util.io.JsonParser.readValue(JsonParser.java:278)
	at com.cedarsoftware.util.io.JsonReader.readObject(JsonReader.java:521)
	... 187 more
2018-07-31 11:44:11,618  WARN [ModalContext] - ScalaProject - Project hadoopbookSCALA has platform default sourceLevel.
2018-07-31 11:44:11,627  WARN [ModalContext] - ScalaProject - Project hadoopbookSCALA runs on platform default installation.
2018-07-31 11:45:04,912  WARN [Worker-4: Building workspace] - ScalaProject - Project hadoopbookSCALA has platform default sourceLevel.
2018-07-31 11:45:04,913  WARN [Worker-4: Building workspace] - ScalaProject - Project hadoopbookSCALA runs on platform default installation.
2018-07-31 11:45:28,384  WARN [main] - ScalaProject - Project hadoopbookSCALA has platform default sourceLevel.
2018-07-31 11:45:28,384  WARN [main] - ScalaProject - Project hadoopbookSCALA runs on platform default installation.
2018-07-31 11:45:34,627  WARN [Worker-14: Building workspace] - ScalaProject - Project hadoopbookSCALA has platform default sourceLevel.
2018-07-31 11:45:34,627  WARN [Worker-14: Building workspace] - ScalaProject - Project hadoopbookSCALA runs on platform default installation.
2018-07-31 11:45:34,983  WARN [Java indexing] - ScalaProject - Project hadoopbookSCALA has platform default sourceLevel.
2018-07-31 11:45:34,983  WARN [Java indexing] - ScalaProject - Project hadoopbookSCALA runs on platform default installation.
2018-07-31 11:45:36,400  WARN [Worker-0: Building workspace] - ScalaProject - Project hadoopbookSCALA has platform default sourceLevel.
2018-07-31 11:45:36,400  WARN [Worker-0: Building workspace] - ScalaProject - Project hadoopbookSCALA runs on platform default installation.
2018-07-31 11:46:19,337  WARN [Worker-0: Building workspace] - ScalaProject - Project hadoopbookSCALA has platform default sourceLevel.
2018-07-31 11:46:19,337  WARN [Worker-0: Building workspace] - ScalaProject - Project hadoopbookSCALA runs on platform default installation.
2018-07-31 11:46:19,987  WARN [org.scalaide.ui.internal.reconciliation.ScalaReconciler] - ScalaProject - Project hadoopbookSCALA has platform default sourceLevel.
2018-07-31 11:46:19,987  WARN [org.scalaide.ui.internal.reconciliation.ScalaReconciler] - ScalaProject - Project hadoopbookSCALA runs on platform default installation.
2018-07-31 11:46:23,437  WARN [Java indexing] - ScalaProject - Project hadoopbookSCALA has platform default sourceLevel.
2018-07-31 11:46:23,438  WARN [Java indexing] - ScalaProject - Project hadoopbookSCALA runs on platform default installation.
2018-07-31 11:46:24,121  WARN [Worker-14: Building workspace] - ScalaProject - Project hadoopbookSCALA has platform default sourceLevel.
2018-07-31 11:46:24,121  WARN [Worker-14: Building workspace] - ScalaProject - Project hadoopbookSCALA runs on platform default installation.
2018-07-31 11:47:23,619  WARN [Worker-12: Building workspace] - ScalaProject - Project hadoopbookSCALA has platform default sourceLevel.
2018-07-31 11:47:23,619  WARN [Worker-12: Building workspace] - ScalaProject - Project hadoopbookSCALA runs on platform default installation.
2018-07-31 12:03:26,071  WARN [Worker-20: Building workspace] - ScalaProject - Project hadoopbookSCALA has platform default sourceLevel.
2018-07-31 12:03:26,071  WARN [Worker-20: Building workspace] - ScalaProject - Project hadoopbookSCALA runs on platform default installation.
2018-07-31 12:07:32,908  WARN [Worker-22: Building workspace] - ScalaProject - Project hadoopbookSCALA has platform default sourceLevel.
2018-07-31 12:07:32,909  WARN [Worker-22: Building workspace] - ScalaProject - Project hadoopbookSCALA runs on platform default installation.
2018-07-31 12:08:48,438  WARN [Worker-25: Building workspace] - ScalaProject - Project hadoopbookSCALA has platform default sourceLevel.
2018-07-31 12:08:48,438  WARN [Worker-25: Building workspace] - ScalaProject - Project hadoopbookSCALA runs on platform default installation.
2018-07-31 12:09:03,424  WARN [Worker-25: Building workspace] - ScalaProject - Project hadoopbookSCALA has platform default sourceLevel.
2018-07-31 12:09:03,425  WARN [Worker-25: Building workspace] - ScalaProject - Project hadoopbookSCALA runs on platform default installation.
2018-07-31 12:09:55,098  WARN [Worker-22: Building workspace] - ScalaProject - Project hadoopbookSCALA has platform default sourceLevel.
2018-07-31 12:09:55,098  WARN [Worker-22: Building workspace] - ScalaProject - Project hadoopbookSCALA runs on platform default installation.
2018-07-31 12:17:56,226  WARN [Worker-25: Building workspace] - ScalaProject - Project hadoopbookSCALA has platform default sourceLevel.
2018-07-31 12:17:56,226  WARN [Worker-25: Building workspace] - ScalaProject - Project hadoopbookSCALA runs on platform default installation.
2018-07-31 12:25:16,653  WARN [Worker-28: Building workspace] - ScalaProject - Project hadoopbookSCALA has platform default sourceLevel.
2018-07-31 12:25:16,653  WARN [Worker-28: Building workspace] - ScalaProject - Project hadoopbookSCALA runs on platform default installation.
2018-07-31 17:08:55,975  WARN [main] - ScalaProject - Project hadoopbookSCALA has platform default sourceLevel.
2018-07-31 17:08:55,976  WARN [main] - ScalaProject - Project hadoopbookSCALA runs on platform default installation.
2018-07-31 17:08:57,521  WARN [main] - ScalaProject - Project hadoopbookSCALA has platform default sourceLevel.
2018-07-31 17:08:57,521  WARN [main] - ScalaProject - Project hadoopbookSCALA runs on platform default installation.
2018-07-31 17:08:57,749  WARN [Worker-4: Building workspace] - ScalaProject - Project hadoopbookSCALA has platform default sourceLevel.
2018-07-31 17:08:57,749  WARN [Worker-4: Building workspace] - ScalaProject - Project hadoopbookSCALA runs on platform default installation.
2018-07-31 17:19:36,059  WARN [Worker-12: Building workspace] - ScalaProject - Project hadoopbookSCALA has platform default sourceLevel.
2018-07-31 17:19:36,061  WARN [Worker-12: Building workspace] - ScalaProject - Project hadoopbookSCALA runs on platform default installation.
2018-07-31 17:21:30,398  WARN [Worker-20: Setting build path] - ScalaProject - Project hadoopbookSCALA has platform default sourceLevel.
2018-07-31 17:21:30,399  WARN [Worker-20: Setting build path] - ScalaProject - Project hadoopbookSCALA runs on platform default installation.
2018-07-31 17:21:30,559  WARN [Worker-23: Building workspace] - ScalaProject - Project hadoopbookSCALA has platform default sourceLevel.
2018-07-31 17:21:30,559  WARN [Worker-23: Building workspace] - ScalaProject - Project hadoopbookSCALA runs on platform default installation.
2018-07-31 17:21:32,268  WARN [Worker-22: Building workspace] - ScalaProject - Project hadoopbookSCALA has platform default sourceLevel.
2018-07-31 17:21:32,268  WARN [Worker-22: Building workspace] - ScalaProject - Project hadoopbookSCALA runs on platform default installation.
2018-07-31 17:21:40,144  WARN [main] - ScalaProject - Project hadoopbookSCALA has platform default sourceLevel.
2018-07-31 17:21:40,144  WARN [main] - ScalaProject - Project hadoopbookSCALA runs on platform default installation.
2018-07-31 17:22:08,887 ERROR [Text Viewer Hover Presenter] - System.err - Exception in thread "Text Viewer Hover Presenter"
2018-07-31 17:22:08,887 ERROR [Text Viewer Hover Presenter] - System.err - java.lang.NoSuchMethodError: org.eclipse.jdt.internal.core.SearchableEnvironment.<init>(Lorg/eclipse/jdt/internal/core/JavaProject;Lorg/eclipse/jdt/core/WorkingCopyOwner;)V
2018-07-31 17:22:08,887 ERROR [Text Viewer Hover Presenter] - System.err - at org.scalaide.core.internal.compiler.LocateSymbol.findPath$1(LocateSymbol.scala:53)
2018-07-31 17:22:08,887 ERROR [Text Viewer Hover Presenter] - System.err - at org.scalaide.core.internal.compiler.LocateSymbol.findSourceFile$1(LocateSymbol.scala:73)
2018-07-31 17:22:08,887 ERROR [Text Viewer Hover Presenter] - System.err - at org.scalaide.core.internal.compiler.LocateSymbol.findCompilationUnit(LocateSymbol.scala:75)
2018-07-31 17:22:08,887 ERROR [Text Viewer Hover Presenter] - System.err - at org.scalaide.core.internal.compiler.LocateSymbol.findCompilationUnit$(LocateSymbol.scala:18)
2018-07-31 17:22:08,887 ERROR [Text Viewer Hover Presenter] - System.err - at org.scalaide.core.internal.compiler.ScalaPresentationCompiler.findCompilationUnit(ScalaPresentationCompiler.scala:54)
2018-07-31 17:22:08,887 ERROR [Text Viewer Hover Presenter] - System.err - at org.scalaide.core.internal.compiler.Scaladoc.$anonfun$parsedDocComment$3(ScalaDoc.scala:51)
2018-07-31 17:22:08,887 ERROR [Text Viewer Hover Presenter] - System.err - at scala.collection.immutable.List.flatMap(List.scala:335)
2018-07-31 17:22:08,887 ERROR [Text Viewer Hover Presenter] - System.err - at org.scalaide.core.internal.compiler.Scaladoc.listFragments$1(ScalaDoc.scala:50)
2018-07-31 17:22:08,887 ERROR [Text Viewer Hover Presenter] - System.err - at org.scalaide.core.internal.compiler.Scaladoc.$anonfun$parsedDocComment$7(ScalaDoc.scala:61)
2018-07-31 17:22:08,887 ERROR [Text Viewer Hover Presenter] - System.err - at scala.Option.flatMap(Option.scala:171)
2018-07-31 17:22:08,887 ERROR [Text Viewer Hover Presenter] - System.err - at org.scalaide.core.internal.compiler.Scaladoc.$anonfun$parsedDocComment$2(ScalaDoc.scala:60)
2018-07-31 17:22:08,887 ERROR [Text Viewer Hover Presenter] - System.err - at org.scalaide.core.compiler.InteractiveCompilationUnit.$anonfun$withSourceFile$1(InteractiveCompilationUnit.scala:201)
2018-07-31 17:22:08,887 ERROR [Text Viewer Hover Presenter] - System.err - at org.scalaide.core.internal.compiler.PresentationCompilerProxy.$anonfun$internal$5(PresentationCompilerProxy.scala:101)
2018-07-31 17:22:08,887 ERROR [Text Viewer Hover Presenter] - System.err - at scala.Option.flatMap(Option.scala:171)
2018-07-31 17:22:08,887 ERROR [Text Viewer Hover Presenter] - System.err - at org.scalaide.core.internal.compiler.PresentationCompilerProxy.internal(PresentationCompilerProxy.scala:100)
2018-07-31 17:22:08,887 ERROR [Text Viewer Hover Presenter] - System.err - at org.scalaide.core.internal.compiler.PresentationCompilerProxy.apply(PresentationCompilerProxy.scala:58)
2018-07-31 17:22:08,887 ERROR [Text Viewer Hover Presenter] - System.err - at org.scalaide.core.compiler.InteractiveCompilationUnit.withSourceFile(InteractiveCompilationUnit.scala:201)
2018-07-31 17:22:08,887 ERROR [Text Viewer Hover Presenter] - System.err - at org.scalaide.core.compiler.InteractiveCompilationUnit.withSourceFile$(InteractiveCompilationUnit.scala:200)
2018-07-31 17:22:08,887 ERROR [Text Viewer Hover Presenter] - System.err - at org.scalaide.core.internal.jdt.model.ScalaSourceFile.withSourceFile(ScalaSourceFile.scala:71)
2018-07-31 17:22:08,888 ERROR [Text Viewer Hover Presenter] - System.err - at org.scalaide.core.internal.compiler.Scaladoc.$anonfun$parsedDocComment$1(ScalaDoc.scala:48)
2018-07-31 17:22:08,888 ERROR [Text Viewer Hover Presenter] - System.err - at scala.Option.map(Option.scala:146)
2018-07-31 17:22:08,888 ERROR [Text Viewer Hover Presenter] - System.err - at org.scalaide.core.internal.compiler.Scaladoc.parsedDocComment(ScalaDoc.scala:48)
2018-07-31 17:22:08,888 ERROR [Text Viewer Hover Presenter] - System.err - at org.scalaide.core.internal.compiler.Scaladoc.parsedDocComment$(ScalaDoc.scala:45)
2018-07-31 17:22:08,888 ERROR [Text Viewer Hover Presenter] - System.err - at org.scalaide.core.internal.compiler.ScalaPresentationCompiler.parsedDocComment(ScalaPresentationCompiler.scala:54)
2018-07-31 17:22:08,888 ERROR [Text Viewer Hover Presenter] - System.err - at org.scalaide.ui.internal.editor.hover.ScalaHoverImpl.$anonfun$getHoverInfo2$25(ScalaHoverImpl.scala:227)
2018-07-31 17:22:08,888 ERROR [Text Viewer Hover Presenter] - System.err - at scala.Option$WithFilter.flatMap(Option.scala:171)
2018-07-31 17:22:08,888 ERROR [Text Viewer Hover Presenter] - System.err - at org.scalaide.ui.internal.editor.hover.ScalaHoverImpl.docComment$lzycompute$1(ScalaHoverImpl.scala:226)
2018-07-31 17:22:08,888 ERROR [Text Viewer Hover Presenter] - System.err - at org.scalaide.ui.internal.editor.hover.ScalaHoverImpl.docComment$1(ScalaHoverImpl.scala:205)
2018-07-31 17:22:08,888 ERROR [Text Viewer Hover Presenter] - System.err - at org.scalaide.ui.internal.editor.hover.ScalaHoverImpl.$anonfun$getHoverInfo2$2(ScalaHoverImpl.scala:238)
2018-07-31 17:22:08,888 ERROR [Text Viewer Hover Presenter] - System.err - at org.scalaide.core.compiler.InteractiveCompilationUnit.$anonfun$withSourceFile$1(InteractiveCompilationUnit.scala:201)
2018-07-31 17:22:08,888 ERROR [Text Viewer Hover Presenter] - System.err - at org.scalaide.core.internal.compiler.PresentationCompilerProxy.$anonfun$internal$5(PresentationCompilerProxy.scala:101)
2018-07-31 17:22:08,888 ERROR [Text Viewer Hover Presenter] - System.err - at scala.Option.flatMap(Option.scala:171)
2018-07-31 17:22:08,888 ERROR [Text Viewer Hover Presenter] - System.err - at org.scalaide.core.internal.compiler.PresentationCompilerProxy.internal(PresentationCompilerProxy.scala:100)
2018-07-31 17:22:08,888 ERROR [Text Viewer Hover Presenter] - System.err - at org.scalaide.core.internal.compiler.PresentationCompilerProxy.apply(PresentationCompilerProxy.scala:58)
2018-07-31 17:22:08,888 ERROR [Text Viewer Hover Presenter] - System.err - at org.scalaide.core.compiler.InteractiveCompilationUnit.withSourceFile(InteractiveCompilationUnit.scala:201)
2018-07-31 17:22:08,888 ERROR [Text Viewer Hover Presenter] - System.err - at org.scalaide.core.compiler.InteractiveCompilationUnit.withSourceFile$(InteractiveCompilationUnit.scala:200)
2018-07-31 17:22:08,888 ERROR [Text Viewer Hover Presenter] - System.err - at org.scalaide.core.internal.jdt.model.ScalaSourceFile.withSourceFile(ScalaSourceFile.scala:71)
2018-07-31 17:22:08,888 ERROR [Text Viewer Hover Presenter] - System.err - at org.scalaide.ui.internal.editor.hover.ScalaHoverImpl.$anonfun$getHoverInfo2$1(ScalaHoverImpl.scala:103)
2018-07-31 17:22:08,888 ERROR [Text Viewer Hover Presenter] - System.err - at scala.Option.map(Option.scala:146)
2018-07-31 17:22:08,888 ERROR [Text Viewer Hover Presenter] - System.err - at org.scalaide.ui.internal.editor.hover.ScalaHoverImpl.getHoverInfo2(ScalaHoverImpl.scala:101)
2018-07-31 17:22:08,888 ERROR [Text Viewer Hover Presenter] - System.err - at org.scalaide.debug.internal.editor.TextHoverFactory$$anon$1.super$getHoverInfo2(TextHoverFactory.scala:53)
2018-07-31 17:22:08,888 ERROR [Text Viewer Hover Presenter] - System.err - at org.scalaide.debug.internal.editor.TextHoverFactory$$anon$1.$anonfun$getHoverInfo2$6(TextHoverFactory.scala:53)
2018-07-31 17:22:08,888 ERROR [Text Viewer Hover Presenter] - System.err - at scala.Option.getOrElse(Option.scala:121)
2018-07-31 17:22:08,888 ERROR [Text Viewer Hover Presenter] - System.err - at org.scalaide.debug.internal.editor.TextHoverFactory$$anon$1.$anonfun$getHoverInfo2$1(TextHoverFactory.scala:51)
2018-07-31 17:22:08,888 ERROR [Text Viewer Hover Presenter] - System.err - at scala.Option.map(Option.scala:146)
2018-07-31 17:22:08,888 ERROR [Text Viewer Hover Presenter] - System.err - at org.scalaide.debug.internal.editor.TextHoverFactory$$anon$1.getHoverInfo2(TextHoverFactory.scala:37)
2018-07-31 17:22:08,888 ERROR [Text Viewer Hover Presenter] - System.err - at org.eclipse.jface.text.TextViewerHoverManager$4.run(TextViewerHoverManager.java:166)
2018-07-31 17:22:17,311  WARN [Worker-12: Building workspace] - ScalaProject - Project hadoopbookSCALA has platform default sourceLevel.
2018-07-31 17:22:17,311  WARN [Worker-12: Building workspace] - ScalaProject - Project hadoopbookSCALA runs on platform default installation.
2018-07-31 17:22:17,447 ERROR [Text Viewer Hover Presenter] - IScalaPresentationCompiler$ - Ignoring InterruptException
2018-07-31 17:22:17,447 ERROR [Text Viewer Hover Presenter] - IScalaPresentationCompiler$ - Ignoring InterruptException
2018-07-31 17:22:17,448 ERROR [Text Viewer Hover Presenter] - IScalaPresentationCompiler$ - Ignoring InterruptException
2018-07-31 17:22:46,970  WARN [main] - ScalaProject - Project hadoopbookSCALA has platform default sourceLevel.
2018-07-31 17:22:46,972  WARN [main] - ScalaProject - Project hadoopbookSCALA runs on platform default installation.
2018-07-31 17:22:46,976  WARN [main] - ScalaProject - Project hadoopbookSCALA has platform default sourceLevel.
2018-07-31 17:22:46,976  WARN [main] - ScalaProject - Project hadoopbookSCALA runs on platform default installation.
2018-07-31 18:46:26,090  WARN [main] - ScalaProject - Project hadoopbookSCALA has platform default sourceLevel.
2018-07-31 18:46:26,091  WARN [main] - ScalaProject - Project hadoopbookSCALA runs on platform default installation.
2018-07-31 18:46:26,095  WARN [main] - ScalaProject - Project hadoopbookSCALA has platform default sourceLevel.
2018-07-31 18:46:26,096  WARN [main] - ScalaProject - Project hadoopbookSCALA runs on platform default installation.
